c:\users\user\source\repos\daisycow\daisycow\debug\vc142.pdb
c:\users\user\source\repos\daisycow\daisycow\debug\vc142.idb
c:\users\user\source\repos\daisycow\daisycow\debug\writetext.obj
c:\users\user\source\repos\daisycow\daisycow\debug\window.obj
c:\users\user\source\repos\daisycow\daisycow\debug\timer.obj
c:\users\user\source\repos\daisycow\daisycow\debug\timeelapsed.obj
c:\users\user\source\repos\daisycow\daisycow\debug\thoughts.obj
c:\users\user\source\repos\daisycow\daisycow\debug\stomach.obj
c:\users\user\source\repos\daisycow\daisycow\debug\speechbubble.obj
c:\users\user\source\repos\daisycow\daisycow\debug\soundfx.obj
c:\users\user\source\repos\daisycow\daisycow\debug\simplecow.obj
c:\users\user\source\repos\daisycow\daisycow\debug\points.obj
c:\users\user\source\repos\daisycow\daisycow\debug\main.obj
c:\users\user\source\repos\daisycow\daisycow\debug\items.obj
c:\users\user\source\repos\daisycow\daisycow\debug\graphics.obj
c:\users\user\source\repos\daisycow\daisycow\debug\gameobject.obj
c:\users\user\source\repos\daisycow\daisycow\debug\drawimage.obj
c:\users\user\source\repos\daisycow\daisycow\debug\disease.obj
c:\users\user\source\repos\daisycow\daisycow\debug\cow.obj
c:\users\user\source\repos\daisycow\daisycow\debug\complexcow.obj
c:\users\user\source\repos\daisycow\daisycow\debug\backgroundimages.obj
c:\users\user\source\repos\daisycow\debug\daisycow.ilk
c:\users\user\source\repos\daisycow\debug\daisycow.exe
c:\users\user\source\repos\daisycow\debug\daisycow.pdb
c:\users\user\source\repos\daisycow\daisycow\debug\daisycow.tlog\cl.command.1.tlog
c:\users\user\source\repos\daisycow\daisycow\debug\daisycow.tlog\cl.read.1.tlog
c:\users\user\source\repos\daisycow\daisycow\debug\daisycow.tlog\cl.write.1.tlog
c:\users\user\source\repos\daisycow\daisycow\debug\daisycow.tlog\link.command.1.tlog
c:\users\user\source\repos\daisycow\daisycow\debug\daisycow.tlog\link.read.1.tlog
c:\users\user\source\repos\daisycow\daisycow\debug\daisycow.tlog\link.write.1.tlog
